The target system is: Android - 16 - armv5te
The host system is: Darwin - 16.6.0 - x86_64
Compiling the C compiler identification source file "CMakeCCompilerId.c" succeeded.
Compiler: /Users/zhangpeng/my-android-toolchain/bin/clang 
Build flags: 
Id flags: 

The output was:
0


Compilation of the C compiler identification source "CMakeCCompilerId.c" produced "a.out"

The C compiler identification is Clang, found in "/Users/zhangpeng/code/swig-demo/java/output/CMakeFiles/3.7.2/CompilerIdC/a.out"

Compiling the CXX compiler identification source file "CMakeCXXCompilerId.cpp" succeeded.
Compiler: /Users/zhangpeng/my-android-toolchain/bin/clang++ 
Build flags: 
Id flags: 

The output was:
0


Compilation of the CXX compiler identification source "CMakeCXXCompilerId.cpp" produced "a.out"

The CXX compiler identification is Clang, found in "/Users/zhangpeng/code/swig-demo/java/output/CMakeFiles/3.7.2/CompilerIdCXX/a.out"

Determining if the C compiler works passed with the following output:
Change Dir: /Users/zhangpeng/code/swig-demo/java/output/CMakeFiles/CMakeTmp

Run Build Command:"/usr/bin/make" "cmTC_3fd4d/fast"
/Library/Developer/CommandLineTools/usr/bin/make -f CMakeFiles/cmTC_3fd4d.dir/build.make CMakeFiles/cmTC_3fd4d.dir/build
Building C object CMakeFiles/cmTC_3fd4d.dir/testCCompiler.c.o
/Users/zhangpeng/my-android-toolchain/bin/clang  --target=armv5te-none-linux-androideabi --gcc-toolchain=/Users/zhangpeng/my-android-toolchain --sysroot=/Users/zhangpeng/my-android-toolchain/sysroot   -march=armv5te -mthumb -msoft-float -mtune=xscale -funwind-tables -no-canonical-prefixes  -g -fPIE   -o CMakeFiles/cmTC_3fd4d.dir/testCCompiler.c.o   -c /Users/zhangpeng/code/swig-demo/java/output/CMakeFiles/CMakeTmp/testCCompiler.c
Linking C executable cmTC_3fd4d
/usr/local/bin/cmake -E cmake_link_script CMakeFiles/cmTC_3fd4d.dir/link.txt --verbose=1
/Users/zhangpeng/my-android-toolchain/bin/clang  --target=armv5te-none-linux-androideabi --gcc-toolchain=/Users/zhangpeng/my-android-toolchain --sysroot=/Users/zhangpeng/my-android-toolchain/sysroot -march=armv5te -mthumb -msoft-float -mtune=xscale -funwind-tables -no-canonical-prefixes  -g  -fPIE -pie -Wl,--gc-sections -Wl,-z,nocopyreloc  CMakeFiles/cmTC_3fd4d.dir/testCCompiler.c.o  -o cmTC_3fd4d 


Detecting C compiler ABI info compiled with the following output:
Change Dir: /Users/zhangpeng/code/swig-demo/java/output/CMakeFiles/CMakeTmp

Run Build Command:"/usr/bin/make" "cmTC_0dc42/fast"
/Library/Developer/CommandLineTools/usr/bin/make -f CMakeFiles/cmTC_0dc42.dir/build.make CMakeFiles/cmTC_0dc42.dir/build
Building C object CMakeFiles/cmTC_0dc42.dir/CMakeCCompilerABI.c.o
/Users/zhangpeng/my-android-toolchain/bin/clang  --target=armv5te-none-linux-androideabi --gcc-toolchain=/Users/zhangpeng/my-android-toolchain --sysroot=/Users/zhangpeng/my-android-toolchain/sysroot   -march=armv5te -mthumb -msoft-float -mtune=xscale -funwind-tables -no-canonical-prefixes  -g -fPIE   -o CMakeFiles/cmTC_0dc42.dir/CMakeCCompilerABI.c.o   -c /usr/local/share/cmake-3.7/Modules/CMakeCCompilerABI.c
Linking C executable cmTC_0dc42
/usr/local/bin/cmake -E cmake_link_script CMakeFiles/cmTC_0dc42.dir/link.txt --verbose=1
/Users/zhangpeng/my-android-toolchain/bin/clang  --target=armv5te-none-linux-androideabi --gcc-toolchain=/Users/zhangpeng/my-android-toolchain --sysroot=/Users/zhangpeng/my-android-toolchain/sysroot -march=armv5te -mthumb -msoft-float -mtune=xscale -funwind-tables -no-canonical-prefixes  -g  -fPIE -pie -Wl,--gc-sections -Wl,-z,nocopyreloc -v CMakeFiles/cmTC_0dc42.dir/CMakeCCompilerABI.c.o  -o cmTC_0dc42  
Android clang version 3.8.275480  (based on LLVM 3.8.275480)
Target: armv5te-none-linux-android
Thread model: posix
InstalledDir: /Users/zhangpeng/my-android-toolchain/bin
Found candidate GCC installation: /Users/zhangpeng/my-android-toolchain/lib/gcc/arm-linux-androideabi/4.9.x
Selected GCC installation: /Users/zhangpeng/my-android-toolchain/lib/gcc/arm-linux-androideabi/4.9.x
Candidate multilib: thumb;@thumb
Candidate multilib: armv7-a;@armv7
Candidate multilib: armv7-a/thumb;@armv7@thumb
Candidate multilib: .;
Selected multilib: thumb;@thumb
 "/Users/zhangpeng/my-android-toolchain/lib/gcc/arm-linux-androideabi/4.9.x/../../../../arm-linux-androideabi/bin/ld" --sysroot=/Users/zhangpeng/my-android-toolchain/sysroot -pie -X --eh-frame-hdr -m armelf_linux_eabi -dynamic-linker /system/bin/linker -o cmTC_0dc42 /Users/zhangpeng/my-android-toolchain/sysroot/usr/lib/../lib/crtbegin_dynamic.o -L/Users/zhangpeng/my-android-toolchain/lib/gcc/arm-linux-androideabi/4.9.x/thumb -L/Users/zhangpeng/my-android-toolchain/lib/gcc/arm-linux-androideabi/4.9.x/../../../../arm-linux-androideabi/lib/../lib/thumb -L/Users/zhangpeng/my-android-toolchain/sysroot/usr/lib/../lib -L/Users/zhangpeng/my-android-toolchain/lib/gcc/arm-linux-androideabi/4.9.x/../../../../arm-linux-androideabi/lib/thumb -L/Users/zhangpeng/my-android-toolchain/sysroot/usr/lib --gc-sections -z nocopyreloc CMakeFiles/cmTC_0dc42.dir/CMakeCCompilerABI.c.o -lgcc -ldl -lc -lgcc -ldl /Users/zhangpeng/my-android-toolchain/sysroot/usr/lib/../lib/crtend_android.o


Parsed C implicit link information from above output:
  link line regex: [^( *|.*[/\])(arm-linux-androideabi-ld|([^/\]+-)?ld|collect2)[^/\]*( |$)]
  ignore line: [Change Dir: /Users/zhangpeng/code/swig-demo/java/output/CMakeFiles/CMakeTmp]
  ignore line: []
  ignore line: [Run Build Command:"/usr/bin/make" "cmTC_0dc42/fast"]
  ignore line: [/Library/Developer/CommandLineTools/usr/bin/make -f CMakeFiles/cmTC_0dc42.dir/build.make CMakeFiles/cmTC_0dc42.dir/build]
  ignore line: [Building C object CMakeFiles/cmTC_0dc42.dir/CMakeCCompilerABI.c.o]
  ignore line: [/Users/zhangpeng/my-android-toolchain/bin/clang  --target=armv5te-none-linux-androideabi --gcc-toolchain=/Users/zhangpeng/my-android-toolchain --sysroot=/Users/zhangpeng/my-android-toolchain/sysroot   -march=armv5te -mthumb -msoft-float -mtune=xscale -funwind-tables -no-canonical-prefixes  -g -fPIE   -o CMakeFiles/cmTC_0dc42.dir/CMakeCCompilerABI.c.o   -c /usr/local/share/cmake-3.7/Modules/CMakeCCompilerABI.c]
  ignore line: [Linking C executable cmTC_0dc42]
  ignore line: [/usr/local/bin/cmake -E cmake_link_script CMakeFiles/cmTC_0dc42.dir/link.txt --verbose=1]
  ignore line: [/Users/zhangpeng/my-android-toolchain/bin/clang  --target=armv5te-none-linux-androideabi --gcc-toolchain=/Users/zhangpeng/my-android-toolchain --sysroot=/Users/zhangpeng/my-android-toolchain/sysroot -march=armv5te -mthumb -msoft-float -mtune=xscale -funwind-tables -no-canonical-prefixes  -g  -fPIE -pie -Wl,--gc-sections -Wl,-z,nocopyreloc -v CMakeFiles/cmTC_0dc42.dir/CMakeCCompilerABI.c.o  -o cmTC_0dc42  ]
  ignore line: [Android clang version 3.8.275480  (based on LLVM 3.8.275480)]
  ignore line: [Target: armv5te-none-linux-android]
  ignore line: [Thread model: posix]
  ignore line: [InstalledDir: /Users/zhangpeng/my-android-toolchain/bin]
  ignore line: [Found candidate GCC installation: /Users/zhangpeng/my-android-toolchain/lib/gcc/arm-linux-androideabi/4.9.x]
  ignore line: [Selected GCC installation: /Users/zhangpeng/my-android-toolchain/lib/gcc/arm-linux-androideabi/4.9.x]
  ignore line: [Candidate multilib: thumb]
  ignore line: [@thumb]
  ignore line: [Candidate multilib: armv7-a]
  ignore line: [@armv7]
  ignore line: [Candidate multilib: armv7-a/thumb]
  ignore line: [@armv7@thumb]
  ignore line: [Candidate multilib: .]
  ignore line: []
  ignore line: [Selected multilib: thumb]
  ignore line: [@thumb]
  link line: [ "/Users/zhangpeng/my-android-toolchain/lib/gcc/arm-linux-androideabi/4.9.x/../../../../arm-linux-androideabi/bin/ld" --sysroot=/Users/zhangpeng/my-android-toolchain/sysroot -pie -X --eh-frame-hdr -m armelf_linux_eabi -dynamic-linker /system/bin/linker -o cmTC_0dc42 /Users/zhangpeng/my-android-toolchain/sysroot/usr/lib/../lib/crtbegin_dynamic.o -L/Users/zhangpeng/my-android-toolchain/lib/gcc/arm-linux-androideabi/4.9.x/thumb -L/Users/zhangpeng/my-android-toolchain/lib/gcc/arm-linux-androideabi/4.9.x/../../../../arm-linux-androideabi/lib/../lib/thumb -L/Users/zhangpeng/my-android-toolchain/sysroot/usr/lib/../lib -L/Users/zhangpeng/my-android-toolchain/lib/gcc/arm-linux-androideabi/4.9.x/../../../../arm-linux-androideabi/lib/thumb -L/Users/zhangpeng/my-android-toolchain/sysroot/usr/lib --gc-sections -z nocopyreloc CMakeFiles/cmTC_0dc42.dir/CMakeCCompilerABI.c.o -lgcc -ldl -lc -lgcc -ldl /Users/zhangpeng/my-android-toolchain/sysroot/usr/lib/../lib/crtend_android.o]
    arg [/Users/zhangpeng/my-android-toolchain/lib/gcc/arm-linux-androideabi/4.9.x/../../../../arm-linux-androideabi/bin/ld] ==> ignore
    arg [--sysroot=/Users/zhangpeng/my-android-toolchain/sysroot] ==> ignore
    arg [-pie] ==> ignore
    arg [-X] ==> ignore
    arg [--eh-frame-hdr] ==> ignore
    arg [-m] ==> ignore
    arg [armelf_linux_eabi] ==> ignore
    arg [-dynamic-linker] ==> ignore
    arg [/system/bin/linker] ==> ignore
    arg [-o] ==> ignore
    arg [cmTC_0dc42] ==> ignore
    arg [/Users/zhangpeng/my-android-toolchain/sysroot/usr/lib/../lib/crtbegin_dynamic.o] ==> ignore
    arg [-L/Users/zhangpeng/my-android-toolchain/lib/gcc/arm-linux-androideabi/4.9.x/thumb] ==> dir [/Users/zhangpeng/my-android-toolchain/lib/gcc/arm-linux-androideabi/4.9.x/thumb]
    arg [-L/Users/zhangpeng/my-android-toolchain/lib/gcc/arm-linux-androideabi/4.9.x/../../../../arm-linux-androideabi/lib/../lib/thumb] ==> dir [/Users/zhangpeng/my-android-toolchain/lib/gcc/arm-linux-androideabi/4.9.x/../../../../arm-linux-androideabi/lib/../lib/thumb]
    arg [-L/Users/zhangpeng/my-android-toolchain/sysroot/usr/lib/../lib] ==> dir [/Users/zhangpeng/my-android-toolchain/sysroot/usr/lib/../lib]
    arg [-L/Users/zhangpeng/my-android-toolchain/lib/gcc/arm-linux-androideabi/4.9.x/../../../../arm-linux-androideabi/lib/thumb] ==> dir [/Users/zhangpeng/my-android-toolchain/lib/gcc/arm-linux-androideabi/4.9.x/../../../../arm-linux-androideabi/lib/thumb]
    arg [-L/Users/zhangpeng/my-android-toolchain/sysroot/usr/lib] ==> dir [/Users/zhangpeng/my-android-toolchain/sysroot/usr/lib]
    arg [--gc-sections] ==> ignore
    arg [-znocopyreloc] ==> ignore
    arg [CMakeFiles/cmTC_0dc42.dir/CMakeCCompilerABI.c.o] ==> ignore
    arg [-lgcc] ==> lib [gcc]
    arg [-ldl] ==> lib [dl]
    arg [-lc] ==> lib [c]
    arg [-lgcc] ==> lib [gcc]
    arg [-ldl] ==> lib [dl]
    arg [/Users/zhangpeng/my-android-toolchain/sysroot/usr/lib/../lib/crtend_android.o] ==> ignore
  remove lib [gcc]
  remove lib [gcc]
  collapse library dir [/Users/zhangpeng/my-android-toolchain/lib/gcc/arm-linux-androideabi/4.9.x/thumb] ==> [/Users/zhangpeng/my-android-toolchain/lib/gcc/arm-linux-androideabi/4.9.x/thumb]
  collapse library dir [/Users/zhangpeng/my-android-toolchain/lib/gcc/arm-linux-androideabi/4.9.x/../../../../arm-linux-androideabi/lib/../lib/thumb] ==> [/Users/zhangpeng/my-android-toolchain/arm-linux-androideabi/lib/thumb]
  collapse library dir [/Users/zhangpeng/my-android-toolchain/sysroot/usr/lib/../lib] ==> [/Users/zhangpeng/my-android-toolchain/sysroot/usr/lib]
  collapse library dir [/Users/zhangpeng/my-android-toolchain/lib/gcc/arm-linux-androideabi/4.9.x/../../../../arm-linux-androideabi/lib/thumb] ==> [/Users/zhangpeng/my-android-toolchain/arm-linux-androideabi/lib/thumb]
  collapse library dir [/Users/zhangpeng/my-android-toolchain/sysroot/usr/lib] ==> [/Users/zhangpeng/my-android-toolchain/sysroot/usr/lib]
  implicit libs: [dl;c;dl]
  implicit dirs: [/Users/zhangpeng/my-android-toolchain/lib/gcc/arm-linux-androideabi/4.9.x/thumb;/Users/zhangpeng/my-android-toolchain/arm-linux-androideabi/lib/thumb;/Users/zhangpeng/my-android-toolchain/sysroot/usr/lib]
  implicit fwks: []




Detecting C [-std=c11] compiler features compiled with the following output:
Change Dir: /Users/zhangpeng/code/swig-demo/java/output/CMakeFiles/CMakeTmp

Run Build Command:"/usr/bin/make" "cmTC_ce8e5/fast"
/Library/Developer/CommandLineTools/usr/bin/make -f CMakeFiles/cmTC_ce8e5.dir/build.make CMakeFiles/cmTC_ce8e5.dir/build
Building C object CMakeFiles/cmTC_ce8e5.dir/feature_tests.c.o
/Users/zhangpeng/my-android-toolchain/bin/clang  --target=armv5te-none-linux-androideabi --gcc-toolchain=/Users/zhangpeng/my-android-toolchain --sysroot=/Users/zhangpeng/my-android-toolchain/sysroot   -march=armv5te -mthumb -msoft-float -mtune=xscale -funwind-tables -no-canonical-prefixes  -g -fPIE   -std=c11 -o CMakeFiles/cmTC_ce8e5.dir/feature_tests.c.o   -c /Users/zhangpeng/code/swig-demo/java/output/CMakeFiles/feature_tests.c
Linking C executable cmTC_ce8e5
/usr/local/bin/cmake -E cmake_link_script CMakeFiles/cmTC_ce8e5.dir/link.txt --verbose=1
/Users/zhangpeng/my-android-toolchain/bin/clang  --target=armv5te-none-linux-androideabi --gcc-toolchain=/Users/zhangpeng/my-android-toolchain --sysroot=/Users/zhangpeng/my-android-toolchain/sysroot -march=armv5te -mthumb -msoft-float -mtune=xscale -funwind-tables -no-canonical-prefixes  -g  -fPIE -pie -Wl,--gc-sections -Wl,-z,nocopyreloc  CMakeFiles/cmTC_ce8e5.dir/feature_tests.c.o  -o cmTC_ce8e5 


    Feature record: C_FEATURE:1c_function_prototypes
    Feature record: C_FEATURE:1c_restrict
    Feature record: C_FEATURE:1c_static_assert
    Feature record: C_FEATURE:1c_variadic_macros


Detecting C [-std=c99] compiler features compiled with the following output:
Change Dir: /Users/zhangpeng/code/swig-demo/java/output/CMakeFiles/CMakeTmp

Run Build Command:"/usr/bin/make" "cmTC_90b01/fast"
/Library/Developer/CommandLineTools/usr/bin/make -f CMakeFiles/cmTC_90b01.dir/build.make CMakeFiles/cmTC_90b01.dir/build
Building C object CMakeFiles/cmTC_90b01.dir/feature_tests.c.o
/Users/zhangpeng/my-android-toolchain/bin/clang  --target=armv5te-none-linux-androideabi --gcc-toolchain=/Users/zhangpeng/my-android-toolchain --sysroot=/Users/zhangpeng/my-android-toolchain/sysroot   -march=armv5te -mthumb -msoft-float -mtune=xscale -funwind-tables -no-canonical-prefixes  -g -fPIE   -std=c99 -o CMakeFiles/cmTC_90b01.dir/feature_tests.c.o   -c /Users/zhangpeng/code/swig-demo/java/output/CMakeFiles/feature_tests.c
Linking C executable cmTC_90b01
/usr/local/bin/cmake -E cmake_link_script CMakeFiles/cmTC_90b01.dir/link.txt --verbose=1
/Users/zhangpeng/my-android-toolchain/bin/clang  --target=armv5te-none-linux-androideabi --gcc-toolchain=/Users/zhangpeng/my-android-toolchain --sysroot=/Users/zhangpeng/my-android-toolchain/sysroot -march=armv5te -mthumb -msoft-float -mtune=xscale -funwind-tables -no-canonical-prefixes  -g  -fPIE -pie -Wl,--gc-sections -Wl,-z,nocopyreloc  CMakeFiles/cmTC_90b01.dir/feature_tests.c.o  -o cmTC_90b01 


    Feature record: C_FEATURE:1c_function_prototypes
    Feature record: C_FEATURE:1c_restrict
    Feature record: C_FEATURE:0c_static_assert
    Feature record: C_FEATURE:1c_variadic_macros


Detecting C [-std=c90] compiler features compiled with the following output:
Change Dir: /Users/zhangpeng/code/swig-demo/java/output/CMakeFiles/CMakeTmp

Run Build Command:"/usr/bin/make" "cmTC_180cd/fast"
/Library/Developer/CommandLineTools/usr/bin/make -f CMakeFiles/cmTC_180cd.dir/build.make CMakeFiles/cmTC_180cd.dir/build
Building C object CMakeFiles/cmTC_180cd.dir/feature_tests.c.o
/Users/zhangpeng/my-android-toolchain/bin/clang  --target=armv5te-none-linux-androideabi --gcc-toolchain=/Users/zhangpeng/my-android-toolchain --sysroot=/Users/zhangpeng/my-android-toolchain/sysroot   -march=armv5te -mthumb -msoft-float -mtune=xscale -funwind-tables -no-canonical-prefixes  -g -fPIE   -std=c90 -o CMakeFiles/cmTC_180cd.dir/feature_tests.c.o   -c /Users/zhangpeng/code/swig-demo/java/output/CMakeFiles/feature_tests.c
Linking C executable cmTC_180cd
/usr/local/bin/cmake -E cmake_link_script CMakeFiles/cmTC_180cd.dir/link.txt --verbose=1
/Users/zhangpeng/my-android-toolchain/bin/clang  --target=armv5te-none-linux-androideabi --gcc-toolchain=/Users/zhangpeng/my-android-toolchain --sysroot=/Users/zhangpeng/my-android-toolchain/sysroot -march=armv5te -mthumb -msoft-float -mtune=xscale -funwind-tables -no-canonical-prefixes  -g  -fPIE -pie -Wl,--gc-sections -Wl,-z,nocopyreloc  CMakeFiles/cmTC_180cd.dir/feature_tests.c.o  -o cmTC_180cd 


    Feature record: C_FEATURE:1c_function_prototypes
    Feature record: C_FEATURE:0c_restrict
    Feature record: C_FEATURE:0c_static_assert
    Feature record: C_FEATURE:0c_variadic_macros
Determining if the CXX compiler works passed with the following output:
Change Dir: /Users/zhangpeng/code/swig-demo/java/output/CMakeFiles/CMakeTmp

Run Build Command:"/usr/bin/make" "cmTC_b37c9/fast"
/Library/Developer/CommandLineTools/usr/bin/make -f CMakeFiles/cmTC_b37c9.dir/build.make CMakeFiles/cmTC_b37c9.dir/build
Building CXX object CMakeFiles/cmTC_b37c9.dir/testCXXCompiler.cxx.o
/Users/zhangpeng/my-android-toolchain/bin/clang++  --target=armv5te-none-linux-androideabi --gcc-toolchain=/Users/zhangpeng/my-android-toolchain --sysroot=/Users/zhangpeng/my-android-toolchain/sysroot    -march=armv5te -mthumb -msoft-float -mtune=xscale -funwind-tables -no-canonical-prefixes  -g -fPIE   -o CMakeFiles/cmTC_b37c9.dir/testCXXCompiler.cxx.o -c /Users/zhangpeng/code/swig-demo/java/output/CMakeFiles/CMakeTmp/testCXXCompiler.cxx
Linking CXX executable cmTC_b37c9
/usr/local/bin/cmake -E cmake_link_script CMakeFiles/cmTC_b37c9.dir/link.txt --verbose=1
/Users/zhangpeng/my-android-toolchain/bin/clang++  --target=armv5te-none-linux-androideabi --gcc-toolchain=/Users/zhangpeng/my-android-toolchain --sysroot=/Users/zhangpeng/my-android-toolchain/sysroot  -march=armv5te -mthumb -msoft-float -mtune=xscale -funwind-tables -no-canonical-prefixes  -g  -fPIE -pie -Wl,--gc-sections -Wl,-z,nocopyreloc  CMakeFiles/cmTC_b37c9.dir/testCXXCompiler.cxx.o  -o cmTC_b37c9 


Detecting CXX compiler ABI info compiled with the following output:
Change Dir: /Users/zhangpeng/code/swig-demo/java/output/CMakeFiles/CMakeTmp

Run Build Command:"/usr/bin/make" "cmTC_c209e/fast"
/Library/Developer/CommandLineTools/usr/bin/make -f CMakeFiles/cmTC_c209e.dir/build.make CMakeFiles/cmTC_c209e.dir/build
Building CXX object CMakeFiles/cmTC_c209e.dir/CMakeCXXCompilerABI.cpp.o
/Users/zhangpeng/my-android-toolchain/bin/clang++  --target=armv5te-none-linux-androideabi --gcc-toolchain=/Users/zhangpeng/my-android-toolchain --sysroot=/Users/zhangpeng/my-android-toolchain/sysroot    -march=armv5te -mthumb -msoft-float -mtune=xscale -funwind-tables -no-canonical-prefixes  -g -fPIE   -o CMakeFiles/cmTC_c209e.dir/CMakeCXXCompilerABI.cpp.o -c /usr/local/share/cmake-3.7/Modules/CMakeCXXCompilerABI.cpp
Linking CXX executable cmTC_c209e
/usr/local/bin/cmake -E cmake_link_script CMakeFiles/cmTC_c209e.dir/link.txt --verbose=1
/Users/zhangpeng/my-android-toolchain/bin/clang++  --target=armv5te-none-linux-androideabi --gcc-toolchain=/Users/zhangpeng/my-android-toolchain --sysroot=/Users/zhangpeng/my-android-toolchain/sysroot  -march=armv5te -mthumb -msoft-float -mtune=xscale -funwind-tables -no-canonical-prefixes  -g  -fPIE -pie -Wl,--gc-sections -Wl,-z,nocopyreloc -v CMakeFiles/cmTC_c209e.dir/CMakeCXXCompilerABI.cpp.o  -o cmTC_c209e  
Android clang version 3.8.275480  (based on LLVM 3.8.275480)
Target: armv5te-none-linux-android
Thread model: posix
InstalledDir: /Users/zhangpeng/my-android-toolchain/bin
Found candidate GCC installation: /Users/zhangpeng/my-android-toolchain/lib/gcc/arm-linux-androideabi/4.9.x
Selected GCC installation: /Users/zhangpeng/my-android-toolchain/lib/gcc/arm-linux-androideabi/4.9.x
Candidate multilib: thumb;@thumb
Candidate multilib: armv7-a;@armv7
Candidate multilib: armv7-a/thumb;@armv7@thumb
Candidate multilib: .;
Selected multilib: thumb;@thumb
 "/Users/zhangpeng/my-android-toolchain/lib/gcc/arm-linux-androideabi/4.9.x/../../../../arm-linux-androideabi/bin/ld" --sysroot=/Users/zhangpeng/my-android-toolchain/sysroot -pie -X --eh-frame-hdr -m armelf_linux_eabi -dynamic-linker /system/bin/linker -o cmTC_c209e /Users/zhangpeng/my-android-toolchain/sysroot/usr/lib/../lib/crtbegin_dynamic.o -L/Users/zhangpeng/my-android-toolchain/lib/gcc/arm-linux-androideabi/4.9.x/thumb -L/Users/zhangpeng/my-android-toolchain/lib/gcc/arm-linux-androideabi/4.9.x/../../../../arm-linux-androideabi/lib/../lib/thumb -L/Users/zhangpeng/my-android-toolchain/sysroot/usr/lib/../lib -L/Users/zhangpeng/my-android-toolchain/lib/gcc/arm-linux-androideabi/4.9.x/../../../../arm-linux-androideabi/lib/thumb -L/Users/zhangpeng/my-android-toolchain/sysroot/usr/lib --gc-sections -z nocopyreloc CMakeFiles/cmTC_c209e.dir/CMakeCXXCompilerABI.cpp.o -lstdc++ -lm -lgcc -lgcc -ldl -lc -lgcc -lgcc -ldl /Users/zhangpeng/my-android-toolchain/sysroot/usr/lib/../lib/crtend_android.o


Parsed CXX implicit link information from above output:
  link line regex: [^( *|.*[/\])(arm-linux-androideabi-ld|([^/\]+-)?ld|collect2)[^/\]*( |$)]
  ignore line: [Change Dir: /Users/zhangpeng/code/swig-demo/java/output/CMakeFiles/CMakeTmp]
  ignore line: []
  ignore line: [Run Build Command:"/usr/bin/make" "cmTC_c209e/fast"]
  ignore line: [/Library/Developer/CommandLineTools/usr/bin/make -f CMakeFiles/cmTC_c209e.dir/build.make CMakeFiles/cmTC_c209e.dir/build]
  ignore line: [Building CXX object CMakeFiles/cmTC_c209e.dir/CMakeCXXCompilerABI.cpp.o]
  ignore line: [/Users/zhangpeng/my-android-toolchain/bin/clang++  --target=armv5te-none-linux-androideabi --gcc-toolchain=/Users/zhangpeng/my-android-toolchain --sysroot=/Users/zhangpeng/my-android-toolchain/sysroot    -march=armv5te -mthumb -msoft-float -mtune=xscale -funwind-tables -no-canonical-prefixes  -g -fPIE   -o CMakeFiles/cmTC_c209e.dir/CMakeCXXCompilerABI.cpp.o -c /usr/local/share/cmake-3.7/Modules/CMakeCXXCompilerABI.cpp]
  ignore line: [Linking CXX executable cmTC_c209e]
  ignore line: [/usr/local/bin/cmake -E cmake_link_script CMakeFiles/cmTC_c209e.dir/link.txt --verbose=1]
  ignore line: [/Users/zhangpeng/my-android-toolchain/bin/clang++  --target=armv5te-none-linux-androideabi --gcc-toolchain=/Users/zhangpeng/my-android-toolchain --sysroot=/Users/zhangpeng/my-android-toolchain/sysroot  -march=armv5te -mthumb -msoft-float -mtune=xscale -funwind-tables -no-canonical-prefixes  -g  -fPIE -pie -Wl,--gc-sections -Wl,-z,nocopyreloc -v CMakeFiles/cmTC_c209e.dir/CMakeCXXCompilerABI.cpp.o  -o cmTC_c209e  ]
  ignore line: [Android clang version 3.8.275480  (based on LLVM 3.8.275480)]
  ignore line: [Target: armv5te-none-linux-android]
  ignore line: [Thread model: posix]
  ignore line: [InstalledDir: /Users/zhangpeng/my-android-toolchain/bin]
  ignore line: [Found candidate GCC installation: /Users/zhangpeng/my-android-toolchain/lib/gcc/arm-linux-androideabi/4.9.x]
  ignore line: [Selected GCC installation: /Users/zhangpeng/my-android-toolchain/lib/gcc/arm-linux-androideabi/4.9.x]
  ignore line: [Candidate multilib: thumb]
  ignore line: [@thumb]
  ignore line: [Candidate multilib: armv7-a]
  ignore line: [@armv7]
  ignore line: [Candidate multilib: armv7-a/thumb]
  ignore line: [@armv7@thumb]
  ignore line: [Candidate multilib: .]
  ignore line: []
  ignore line: [Selected multilib: thumb]
  ignore line: [@thumb]
  link line: [ "/Users/zhangpeng/my-android-toolchain/lib/gcc/arm-linux-androideabi/4.9.x/../../../../arm-linux-androideabi/bin/ld" --sysroot=/Users/zhangpeng/my-android-toolchain/sysroot -pie -X --eh-frame-hdr -m armelf_linux_eabi -dynamic-linker /system/bin/linker -o cmTC_c209e /Users/zhangpeng/my-android-toolchain/sysroot/usr/lib/../lib/crtbegin_dynamic.o -L/Users/zhangpeng/my-android-toolchain/lib/gcc/arm-linux-androideabi/4.9.x/thumb -L/Users/zhangpeng/my-android-toolchain/lib/gcc/arm-linux-androideabi/4.9.x/../../../../arm-linux-androideabi/lib/../lib/thumb -L/Users/zhangpeng/my-android-toolchain/sysroot/usr/lib/../lib -L/Users/zhangpeng/my-android-toolchain/lib/gcc/arm-linux-androideabi/4.9.x/../../../../arm-linux-androideabi/lib/thumb -L/Users/zhangpeng/my-android-toolchain/sysroot/usr/lib --gc-sections -z nocopyreloc CMakeFiles/cmTC_c209e.dir/CMakeCXXCompilerABI.cpp.o -lstdc++ -lm -lgcc -lgcc -ldl -lc -lgcc -lgcc -ldl /Users/zhangpeng/my-android-toolchain/sysroot/usr/lib/../lib/crtend_android.o]
    arg [/Users/zhangpeng/my-android-toolchain/lib/gcc/arm-linux-androideabi/4.9.x/../../../../arm-linux-androideabi/bin/ld] ==> ignore
    arg [--sysroot=/Users/zhangpeng/my-android-toolchain/sysroot] ==> ignore
    arg [-pie] ==> ignore
    arg [-X] ==> ignore
    arg [--eh-frame-hdr] ==> ignore
    arg [-m] ==> ignore
    arg [armelf_linux_eabi] ==> ignore
    arg [-dynamic-linker] ==> ignore
    arg [/system/bin/linker] ==> ignore
    arg [-o] ==> ignore
    arg [cmTC_c209e] ==> ignore
    arg [/Users/zhangpeng/my-android-toolchain/sysroot/usr/lib/../lib/crtbegin_dynamic.o] ==> ignore
    arg [-L/Users/zhangpeng/my-android-toolchain/lib/gcc/arm-linux-androideabi/4.9.x/thumb] ==> dir [/Users/zhangpeng/my-android-toolchain/lib/gcc/arm-linux-androideabi/4.9.x/thumb]
    arg [-L/Users/zhangpeng/my-android-toolchain/lib/gcc/arm-linux-androideabi/4.9.x/../../../../arm-linux-androideabi/lib/../lib/thumb] ==> dir [/Users/zhangpeng/my-android-toolchain/lib/gcc/arm-linux-androideabi/4.9.x/../../../../arm-linux-androideabi/lib/../lib/thumb]
    arg [-L/Users/zhangpeng/my-android-toolchain/sysroot/usr/lib/../lib] ==> dir [/Users/zhangpeng/my-android-toolchain/sysroot/usr/lib/../lib]
    arg [-L/Users/zhangpeng/my-android-toolchain/lib/gcc/arm-linux-androideabi/4.9.x/../../../../arm-linux-androideabi/lib/thumb] ==> dir [/Users/zhangpeng/my-android-toolchain/lib/gcc/arm-linux-androideabi/4.9.x/../../../../arm-linux-androideabi/lib/thumb]
    arg [-L/Users/zhangpeng/my-android-toolchain/sysroot/usr/lib] ==> dir [/Users/zhangpeng/my-android-toolchain/sysroot/usr/lib]
    arg [--gc-sections] ==> ignore
    arg [-znocopyreloc] ==> ignore
    arg [CMakeFiles/cmTC_c209e.dir/CMakeCXXCompilerABI.cpp.o] ==> ignore
    arg [-lstdc++] ==> lib [stdc++]
    arg [-lm] ==> lib [m]
    arg [-lgcc] ==> lib [gcc]
    arg [-lgcc] ==> lib [gcc]
    arg [-ldl] ==> lib [dl]
    arg [-lc] ==> lib [c]
    arg [-lgcc] ==> lib [gcc]
    arg [-lgcc] ==> lib [gcc]
    arg [-ldl] ==> lib [dl]
    arg [/Users/zhangpeng/my-android-toolchain/sysroot/usr/lib/../lib/crtend_android.o] ==> ignore
  remove lib [gcc]
  remove lib [gcc]
  remove lib [gcc]
  remove lib [gcc]
  collapse library dir [/Users/zhangpeng/my-android-toolchain/lib/gcc/arm-linux-androideabi/4.9.x/thumb] ==> [/Users/zhangpeng/my-android-toolchain/lib/gcc/arm-linux-androideabi/4.9.x/thumb]
  collapse library dir [/Users/zhangpeng/my-android-toolchain/lib/gcc/arm-linux-androideabi/4.9.x/../../../../arm-linux-androideabi/lib/../lib/thumb] ==> [/Users/zhangpeng/my-android-toolchain/arm-linux-androideabi/lib/thumb]
  collapse library dir [/Users/zhangpeng/my-android-toolchain/sysroot/usr/lib/../lib] ==> [/Users/zhangpeng/my-android-toolchain/sysroot/usr/lib]
  collapse library dir [/Users/zhangpeng/my-android-toolchain/lib/gcc/arm-linux-androideabi/4.9.x/../../../../arm-linux-androideabi/lib/thumb] ==> [/Users/zhangpeng/my-android-toolchain/arm-linux-androideabi/lib/thumb]
  collapse library dir [/Users/zhangpeng/my-android-toolchain/sysroot/usr/lib] ==> [/Users/zhangpeng/my-android-toolchain/sysroot/usr/lib]
  implicit libs: [stdc++;m;dl;c;dl]
  implicit dirs: [/Users/zhangpeng/my-android-toolchain/lib/gcc/arm-linux-androideabi/4.9.x/thumb;/Users/zhangpeng/my-android-toolchain/arm-linux-androideabi/lib/thumb;/Users/zhangpeng/my-android-toolchain/sysroot/usr/lib]
  implicit fwks: []




Detecting CXX [-std=c++14] compiler features compiled with the following output:
Change Dir: /Users/zhangpeng/code/swig-demo/java/output/CMakeFiles/CMakeTmp

Run Build Command:"/usr/bin/make" "cmTC_53290/fast"
/Library/Developer/CommandLineTools/usr/bin/make -f CMakeFiles/cmTC_53290.dir/build.make CMakeFiles/cmTC_53290.dir/build
Building CXX object CMakeFiles/cmTC_53290.dir/feature_tests.cxx.o
/Users/zhangpeng/my-android-toolchain/bin/clang++  --target=armv5te-none-linux-androideabi --gcc-toolchain=/Users/zhangpeng/my-android-toolchain --sysroot=/Users/zhangpeng/my-android-toolchain/sysroot    -march=armv5te -mthumb -msoft-float -mtune=xscale -funwind-tables -no-canonical-prefixes  -g -fPIE   -std=c++14 -o CMakeFiles/cmTC_53290.dir/feature_tests.cxx.o -c /Users/zhangpeng/code/swig-demo/java/output/CMakeFiles/feature_tests.cxx
Linking CXX executable cmTC_53290
/usr/local/bin/cmake -E cmake_link_script CMakeFiles/cmTC_53290.dir/link.txt --verbose=1
/Users/zhangpeng/my-android-toolchain/bin/clang++  --target=armv5te-none-linux-androideabi --gcc-toolchain=/Users/zhangpeng/my-android-toolchain --sysroot=/Users/zhangpeng/my-android-toolchain/sysroot  -march=armv5te -mthumb -msoft-float -mtune=xscale -funwind-tables -no-canonical-prefixes  -g  -fPIE -pie -Wl,--gc-sections -Wl,-z,nocopyreloc  CMakeFiles/cmTC_53290.dir/feature_tests.cxx.o  -o cmTC_53290 


    Feature record: CXX_FEATURE:1cxx_aggregate_default_initializers
    Feature record: CXX_FEATURE:1cxx_alias_templates
    Feature record: CXX_FEATURE:1cxx_alignas
    Feature record: CXX_FEATURE:1cxx_alignof
    Feature record: CXX_FEATURE:1cxx_attributes
    Feature record: CXX_FEATURE:1cxx_attribute_deprecated
    Feature record: CXX_FEATURE:1cxx_auto_type
    Feature record: CXX_FEATURE:1cxx_binary_literals
    Feature record: CXX_FEATURE:1cxx_constexpr
    Feature record: CXX_FEATURE:1cxx_contextual_conversions
    Feature record: CXX_FEATURE:1cxx_decltype
    Feature record: CXX_FEATURE:1cxx_decltype_auto
    Feature record: CXX_FEATURE:1cxx_decltype_incomplete_return_types
    Feature record: CXX_FEATURE:1cxx_default_function_template_args
    Feature record: CXX_FEATURE:1cxx_defaulted_functions
    Feature record: CXX_FEATURE:1cxx_defaulted_move_initializers
    Feature record: CXX_FEATURE:1cxx_delegating_constructors
    Feature record: CXX_FEATURE:1cxx_deleted_functions
    Feature record: CXX_FEATURE:1cxx_digit_separators
    Feature record: CXX_FEATURE:1cxx_enum_forward_declarations
    Feature record: CXX_FEATURE:1cxx_explicit_conversions
    Feature record: CXX_FEATURE:1cxx_extended_friend_declarations
    Feature record: CXX_FEATURE:1cxx_extern_templates
    Feature record: CXX_FEATURE:1cxx_final
    Feature record: CXX_FEATURE:1cxx_func_identifier
    Feature record: CXX_FEATURE:1cxx_generalized_initializers
    Feature record: CXX_FEATURE:1cxx_generic_lambdas
    Feature record: CXX_FEATURE:1cxx_inheriting_constructors
    Feature record: CXX_FEATURE:1cxx_inline_namespaces
    Feature record: CXX_FEATURE:1cxx_lambdas
    Feature record: CXX_FEATURE:1cxx_lambda_init_captures
    Feature record: CXX_FEATURE:1cxx_local_type_template_args
    Feature record: CXX_FEATURE:1cxx_long_long_type
    Feature record: CXX_FEATURE:1cxx_noexcept
    Feature record: CXX_FEATURE:1cxx_nonstatic_member_init
    Feature record: CXX_FEATURE:1cxx_nullptr
    Feature record: CXX_FEATURE:1cxx_override
    Feature record: CXX_FEATURE:1cxx_range_for
    Feature record: CXX_FEATURE:1cxx_raw_string_literals
    Feature record: CXX_FEATURE:1cxx_reference_qualified_functions
    Feature record: CXX_FEATURE:1cxx_relaxed_constexpr
    Feature record: CXX_FEATURE:1cxx_return_type_deduction
    Feature record: CXX_FEATURE:1cxx_right_angle_brackets
    Feature record: CXX_FEATURE:1cxx_rvalue_references
    Feature record: CXX_FEATURE:1cxx_sizeof_member
    Feature record: CXX_FEATURE:1cxx_static_assert
    Feature record: CXX_FEATURE:1cxx_strong_enums
    Feature record: CXX_FEATURE:1cxx_template_template_parameters
    Feature record: CXX_FEATURE:1cxx_thread_local
    Feature record: CXX_FEATURE:1cxx_trailing_return_types
    Feature record: CXX_FEATURE:1cxx_unicode_literals
    Feature record: CXX_FEATURE:1cxx_uniform_initialization
    Feature record: CXX_FEATURE:1cxx_unrestricted_unions
    Feature record: CXX_FEATURE:1cxx_user_literals
    Feature record: CXX_FEATURE:1cxx_variable_templates
    Feature record: CXX_FEATURE:1cxx_variadic_macros
    Feature record: CXX_FEATURE:1cxx_variadic_templates


Detecting CXX [-std=c++11] compiler features compiled with the following output:
Change Dir: /Users/zhangpeng/code/swig-demo/java/output/CMakeFiles/CMakeTmp

Run Build Command:"/usr/bin/make" "cmTC_7898c/fast"
/Library/Developer/CommandLineTools/usr/bin/make -f CMakeFiles/cmTC_7898c.dir/build.make CMakeFiles/cmTC_7898c.dir/build
Building CXX object CMakeFiles/cmTC_7898c.dir/feature_tests.cxx.o
/Users/zhangpeng/my-android-toolchain/bin/clang++  --target=armv5te-none-linux-androideabi --gcc-toolchain=/Users/zhangpeng/my-android-toolchain --sysroot=/Users/zhangpeng/my-android-toolchain/sysroot    -march=armv5te -mthumb -msoft-float -mtune=xscale -funwind-tables -no-canonical-prefixes  -g -fPIE   -std=c++11 -o CMakeFiles/cmTC_7898c.dir/feature_tests.cxx.o -c /Users/zhangpeng/code/swig-demo/java/output/CMakeFiles/feature_tests.cxx
Linking CXX executable cmTC_7898c
/usr/local/bin/cmake -E cmake_link_script CMakeFiles/cmTC_7898c.dir/link.txt --verbose=1
/Users/zhangpeng/my-android-toolchain/bin/clang++  --target=armv5te-none-linux-androideabi --gcc-toolchain=/Users/zhangpeng/my-android-toolchain --sysroot=/Users/zhangpeng/my-android-toolchain/sysroot  -march=armv5te -mthumb -msoft-float -mtune=xscale -funwind-tables -no-canonical-prefixes  -g  -fPIE -pie -Wl,--gc-sections -Wl,-z,nocopyreloc  CMakeFiles/cmTC_7898c.dir/feature_tests.cxx.o  -o cmTC_7898c 


    Feature record: CXX_FEATURE:0cxx_aggregate_default_initializers
    Feature record: CXX_FEATURE:1cxx_alias_templates
    Feature record: CXX_FEATURE:1cxx_alignas
    Feature record: CXX_FEATURE:1cxx_alignof
    Feature record: CXX_FEATURE:1cxx_attributes
    Feature record: CXX_FEATURE:0cxx_attribute_deprecated
    Feature record: CXX_FEATURE:1cxx_auto_type
    Feature record: CXX_FEATURE:0cxx_binary_literals
    Feature record: CXX_FEATURE:1cxx_constexpr
    Feature record: CXX_FEATURE:0cxx_contextual_conversions
    Feature record: CXX_FEATURE:1cxx_decltype
    Feature record: CXX_FEATURE:0cxx_decltype_auto
    Feature record: CXX_FEATURE:1cxx_decltype_incomplete_return_types
    Feature record: CXX_FEATURE:1cxx_default_function_template_args
    Feature record: CXX_FEATURE:1cxx_defaulted_functions
    Feature record: CXX_FEATURE:1cxx_defaulted_move_initializers
    Feature record: CXX_FEATURE:1cxx_delegating_constructors
    Feature record: CXX_FEATURE:1cxx_deleted_functions
    Feature record: CXX_FEATURE:0cxx_digit_separators
    Feature record: CXX_FEATURE:1cxx_enum_forward_declarations
    Feature record: CXX_FEATURE:1cxx_explicit_conversions
    Feature record: CXX_FEATURE:1cxx_extended_friend_declarations
    Feature record: CXX_FEATURE:1cxx_extern_templates
    Feature record: CXX_FEATURE:1cxx_final
    Feature record: CXX_FEATURE:1cxx_func_identifier
    Feature record: CXX_FEATURE:1cxx_generalized_initializers
    Feature record: CXX_FEATURE:0cxx_generic_lambdas
    Feature record: CXX_FEATURE:1cxx_inheriting_constructors
    Feature record: CXX_FEATURE:1cxx_inline_namespaces
    Feature record: CXX_FEATURE:1cxx_lambdas
    Feature record: CXX_FEATURE:0cxx_lambda_init_captures
    Feature record: CXX_FEATURE:1cxx_local_type_template_args
    Feature record: CXX_FEATURE:1cxx_long_long_type
    Feature record: CXX_FEATURE:1cxx_noexcept
    Feature record: CXX_FEATURE:1cxx_nonstatic_member_init
    Feature record: CXX_FEATURE:1cxx_nullptr
    Feature record: CXX_FEATURE:1cxx_override
    Feature record: CXX_FEATURE:1cxx_range_for
    Feature record: CXX_FEATURE:1cxx_raw_string_literals
    Feature record: CXX_FEATURE:1cxx_reference_qualified_functions
    Feature record: CXX_FEATURE:0cxx_relaxed_constexpr
    Feature record: CXX_FEATURE:0cxx_return_type_deduction
    Feature record: CXX_FEATURE:1cxx_right_angle_brackets
    Feature record: CXX_FEATURE:1cxx_rvalue_references
    Feature record: CXX_FEATURE:1cxx_sizeof_member
    Feature record: CXX_FEATURE:1cxx_static_assert
    Feature record: CXX_FEATURE:1cxx_strong_enums
    Feature record: CXX_FEATURE:1cxx_template_template_parameters
    Feature record: CXX_FEATURE:1cxx_thread_local
    Feature record: CXX_FEATURE:1cxx_trailing_return_types
    Feature record: CXX_FEATURE:1cxx_unicode_literals
    Feature record: CXX_FEATURE:1cxx_uniform_initialization
    Feature record: CXX_FEATURE:1cxx_unrestricted_unions
    Feature record: CXX_FEATURE:1cxx_user_literals
    Feature record: CXX_FEATURE:0cxx_variable_templates
    Feature record: CXX_FEATURE:1cxx_variadic_macros
    Feature record: CXX_FEATURE:1cxx_variadic_templates


Detecting CXX [-std=c++98] compiler features compiled with the following output:
Change Dir: /Users/zhangpeng/code/swig-demo/java/output/CMakeFiles/CMakeTmp

Run Build Command:"/usr/bin/make" "cmTC_0d65d/fast"
/Library/Developer/CommandLineTools/usr/bin/make -f CMakeFiles/cmTC_0d65d.dir/build.make CMakeFiles/cmTC_0d65d.dir/build
Building CXX object CMakeFiles/cmTC_0d65d.dir/feature_tests.cxx.o
/Users/zhangpeng/my-android-toolchain/bin/clang++  --target=armv5te-none-linux-androideabi --gcc-toolchain=/Users/zhangpeng/my-android-toolchain --sysroot=/Users/zhangpeng/my-android-toolchain/sysroot    -march=armv5te -mthumb -msoft-float -mtune=xscale -funwind-tables -no-canonical-prefixes  -g -fPIE   -std=c++98 -o CMakeFiles/cmTC_0d65d.dir/feature_tests.cxx.o -c /Users/zhangpeng/code/swig-demo/java/output/CMakeFiles/feature_tests.cxx
Linking CXX executable cmTC_0d65d
/usr/local/bin/cmake -E cmake_link_script CMakeFiles/cmTC_0d65d.dir/link.txt --verbose=1
/Users/zhangpeng/my-android-toolchain/bin/clang++  --target=armv5te-none-linux-androideabi --gcc-toolchain=/Users/zhangpeng/my-android-toolchain --sysroot=/Users/zhangpeng/my-android-toolchain/sysroot  -march=armv5te -mthumb -msoft-float -mtune=xscale -funwind-tables -no-canonical-prefixes  -g  -fPIE -pie -Wl,--gc-sections -Wl,-z,nocopyreloc  CMakeFiles/cmTC_0d65d.dir/feature_tests.cxx.o  -o cmTC_0d65d 


    Feature record: CXX_FEATURE:0cxx_aggregate_default_initializers
    Feature record: CXX_FEATURE:0cxx_alias_templates
    Feature record: CXX_FEATURE:0cxx_alignas
    Feature record: CXX_FEATURE:0cxx_alignof
    Feature record: CXX_FEATURE:0cxx_attributes
    Feature record: CXX_FEATURE:0cxx_attribute_deprecated
    Feature record: CXX_FEATURE:0cxx_auto_type
    Feature record: CXX_FEATURE:0cxx_binary_literals
    Feature record: CXX_FEATURE:0cxx_constexpr
    Feature record: CXX_FEATURE:0cxx_contextual_conversions
    Feature record: CXX_FEATURE:0cxx_decltype
    Feature record: CXX_FEATURE:0cxx_decltype_auto
    Feature record: CXX_FEATURE:0cxx_decltype_incomplete_return_types
    Feature record: CXX_FEATURE:0cxx_default_function_template_args
    Feature record: CXX_FEATURE:0cxx_defaulted_functions
    Feature record: CXX_FEATURE:0cxx_defaulted_move_initializers
    Feature record: CXX_FEATURE:0cxx_delegating_constructors
    Feature record: CXX_FEATURE:0cxx_deleted_functions
    Feature record: CXX_FEATURE:0cxx_digit_separators
    Feature record: CXX_FEATURE:0cxx_enum_forward_declarations
    Feature record: CXX_FEATURE:0cxx_explicit_conversions
    Feature record: CXX_FEATURE:0cxx_extended_friend_declarations
    Feature record: CXX_FEATURE:0cxx_extern_templates
    Feature record: CXX_FEATURE:0cxx_final
    Feature record: CXX_FEATURE:0cxx_func_identifier
    Feature record: CXX_FEATURE:0cxx_generalized_initializers
    Feature record: CXX_FEATURE:0cxx_generic_lambdas
    Feature record: CXX_FEATURE:0cxx_inheriting_constructors
    Feature record: CXX_FEATURE:0cxx_inline_namespaces
    Feature record: CXX_FEATURE:0cxx_lambdas
    Feature record: CXX_FEATURE:0cxx_lambda_init_captures
    Feature record: CXX_FEATURE:0cxx_local_type_template_args
    Feature record: CXX_FEATURE:0cxx_long_long_type
    Feature record: CXX_FEATURE:0cxx_noexcept
    Feature record: CXX_FEATURE:0cxx_nonstatic_member_init
    Feature record: CXX_FEATURE:0cxx_nullptr
    Feature record: CXX_FEATURE:0cxx_override
    Feature record: CXX_FEATURE:0cxx_range_for
    Feature record: CXX_FEATURE:0cxx_raw_string_literals
    Feature record: CXX_FEATURE:0cxx_reference_qualified_functions
    Feature record: CXX_FEATURE:0cxx_relaxed_constexpr
    Feature record: CXX_FEATURE:0cxx_return_type_deduction
    Feature record: CXX_FEATURE:0cxx_right_angle_brackets
    Feature record: CXX_FEATURE:0cxx_rvalue_references
    Feature record: CXX_FEATURE:0cxx_sizeof_member
    Feature record: CXX_FEATURE:0cxx_static_assert
    Feature record: CXX_FEATURE:0cxx_strong_enums
    Feature record: CXX_FEATURE:1cxx_template_template_parameters
    Feature record: CXX_FEATURE:0cxx_thread_local
    Feature record: CXX_FEATURE:0cxx_trailing_return_types
    Feature record: CXX_FEATURE:0cxx_unicode_literals
    Feature record: CXX_FEATURE:0cxx_uniform_initialization
    Feature record: CXX_FEATURE:0cxx_unrestricted_unions
    Feature record: CXX_FEATURE:0cxx_user_literals
    Feature record: CXX_FEATURE:0cxx_variable_templates
    Feature record: CXX_FEATURE:0cxx_variadic_macros
    Feature record: CXX_FEATURE:0cxx_variadic_templates
